
> yourfin-temp@0.1.0 dev
> next dev

▲ Next.js 16.2.2 (Turbopack)
- Local:         http://localhost:3000
- Network:       http://192.168.1.11:3000
- Environments: .env.local
✓ Ready in 353ms
⚠ `images.domains` is deprecated in favor of `images.remotePatterns`. Please update next.config.js to protect your application from malicious users.
⚠ Invalid next.config.js options detected: 
⚠     Unrecognized key(s) in object: 'turbo' at "experimental"
⚠     Unrecognized key(s) in object: 'swcMinify'
⚠ See more info here: https://nextjs.org/docs/messages/invalid-next-config
⚠ Warning: Next.js inferred your workspace root, but it may not be correct.
 We detected multiple lockfiles and selected the directory of /Users/vinhh/package-lock.json as the root directory.
 To silence this warning, set `turbopack.root` in your Next.js config, or consider removing one of the lockfiles if it's not needed.
   See https://nextjs.org/docs/app/api-reference/config/next-config-js/turbopack#root-directory for more information.
 Detected additional lockfiles: 
   * /Users/vinhh/Documents/Wealth Project/wealth-portfolio/frontend/package-lock.json
   * /Users/vinhh/Documents/Wealth Project/wealth-portfolio/package-lock.json

- Experiments (use with caution):
  ? turbo (invalid experimental key)

Image with src "/media/landingPage/realtime_landingpage.jpg" is using quality "90" which is not configured in images.qualities [75]. Please update your config to [75, 90].
Read more: https://nextjs.org/docs/messages/next-image-unconfigured-qualities
Image with src "/media/landingPage/gold_landingpage.jpg" is using quality "90" which is not configured in images.qualities [75]. Please update your config to [75, 90].
Read more: https://nextjs.org/docs/messages/next-image-unconfigured-qualities
Image with src "/media/landingPage/profit_landingpage.jpg" is using quality "90" which is not configured in images.qualities [75]. Please update your config to [75, 90].
Read more: https://nextjs.org/docs/messages/next-image-unconfigured-qualities
Image with src "/media/landingPage/HandBot_landingPage.jpg" is using quality "90" which is not configured in images.qualities [75]. Please update your config to [75, 90].
Read more: https://nextjs.org/docs/messages/next-image-unconfigured-qualities
Image with src "/media/landingPage/News_landingpage.jpg" is using quality "90" which is not configured in images.qualities [75]. Please update your config to [75, 90].
Read more: https://nextjs.org/docs/messages/next-image-unconfigured-qualities
Image with src "/media/landingPage/assets/crypto_assets.jpg" is using quality "90" which is not configured in images.qualities [75]. Please update your config to [75, 90].
Read more: https://nextjs.org/docs/messages/next-image-unconfigured-qualities
Image with src "/media/landingPage/assets/forex_asstes.jpg" is using quality "90" which is not configured in images.qualities [75]. Please update your config to [75, 90].
Read more: https://nextjs.org/docs/messages/next-image-unconfigured-qualities
Image with src "/media/landingPage/assets/stocks_assets.jpg" is using quality "90" which is not configured in images.qualities [75]. Please update your config to [75, 90].
Read more: https://nextjs.org/docs/messages/next-image-unconfigured-qualities
Image with src "/media/landingPage/assets/cash_assets.jpg" is using quality "90" which is not configured in images.qualities [75]. Please update your config to [75, 90].
Read more: https://nextjs.org/docs/messages/next-image-unconfigured-qualities
Image with src "/media/landingPage/assets/saving_assets.jpg" is using quality "90" which is not configured in images.qualities [75]. Please update your config to [75, 90].
Read more: https://nextjs.org/docs/messages/next-image-unconfigured-qualities
Image with src "/media/landingPage/assets/realestate_assets.jpg" is using quality "90" which is not configured in images.qualities [75]. Please update your config to [75, 90].
Read more: https://nextjs.org/docs/messages/next-image-unconfigured-qualities
Image with src "/media/landingPage/assets/alternative_assets.jpg" is using quality "90" which is not configured in images.qualities [75]. Please update your config to [75, 90].
Read more: https://nextjs.org/docs/messages/next-image-unconfigured-qualities
Image with src "/media/landingPage/assets/collectivles_assets.jpg" is using quality "90" which is not configured in images.qualities [75]. Please update your config to [75, 90].
Read more: https://nextjs.org/docs/messages/next-image-unconfigured-qualities
 GET / 200 in 1141ms (next.js: 845ms, application-code: 296ms)
 GET / 200 in 42ms (next.js: 3ms, application-code: 38ms)
⚠ The "images.domains" configuration is deprecated. Please use "images.remotePatterns" configuration instead.
 GET / 200 in 68ms (next.js: 14ms, application-code: 54ms)
[browser] Image with src "/media/landingPage/realtime_landingpage.jpg" is using quality "90" which is not configured in images.qualities [75]. Please update your config to [75, 90].
Read more: https://nextjs.org/docs/messages/next-image-unconfigured-qualities
[browser] Image with src "/media/landingPage/gold_landingpage.jpg" is using quality "90" which is not configured in images.qualities [75]. Please update your config to [75, 90].
Read more: https://nextjs.org/docs/messages/next-image-unconfigured-qualities
[browser] Image with src "/media/landingPage/profit_landingpage.jpg" is using quality "90" which is not configured in images.qualities [75]. Please update your config to [75, 90].
Read more: https://nextjs.org/docs/messages/next-image-unconfigured-qualities
[browser] Image with src "/media/landingPage/HandBot_landingPage.jpg" is using quality "90" which is not configured in images.qualities [75]. Please update your config to [75, 90].
Read more: https://nextjs.org/docs/messages/next-image-unconfigured-qualities
[browser] Image with src "/media/landingPage/News_landingpage.jpg" is using quality "90" which is not configured in images.qualities [75]. Please update your config to [75, 90].
Read more: https://nextjs.org/docs/messages/next-image-unconfigured-qualities
[browser] Image with src "/media/landingPage/assets/crypto_assets.jpg" is using quality "90" which is not configured in images.qualities [75]. Please update your config to [75, 90].
Read more: https://nextjs.org/docs/messages/next-image-unconfigured-qualities
[browser] Image with src "/media/landingPage/assets/forex_asstes.jpg" is using quality "90" which is not configured in images.qualities [75]. Please update your config to [75, 90].
Read more: https://nextjs.org/docs/messages/next-image-unconfigured-qualities
[browser] Image with src "/media/landingPage/assets/stocks_assets.jpg" is using quality "90" which is not configured in images.qualities [75]. Please update your config to [75, 90].
Read more: https://nextjs.org/docs/messages/next-image-unconfigured-qualities
[browser] Image with src "/media/landingPage/assets/cash_assets.jpg" is using quality "90" which is not configured in images.qualities [75]. Please update your config to [75, 90].
Read more: https://nextjs.org/docs/messages/next-image-unconfigured-qualities
[browser] Image with src "/media/landingPage/assets/saving_assets.jpg" is using quality "90" which is not configured in images.qualities [75]. Please update your config to [75, 90].
Read more: https://nextjs.org/docs/messages/next-image-unconfigured-qualities
[browser] Image with src "/media/landingPage/assets/realestate_assets.jpg" is using quality "90" which is not configured in images.qualities [75]. Please update your config to [75, 90].
Read more: https://nextjs.org/docs/messages/next-image-unconfigured-qualities
[browser] Image with src "/media/landingPage/assets/alternative_assets.jpg" is using quality "90" which is not configured in images.qualities [75]. Please update your config to [75, 90].
Read more: https://nextjs.org/docs/messages/next-image-unconfigured-qualities
[browser] Image with src "/media/landingPage/assets/collectivles_assets.jpg" is using quality "90" which is not configured in images.qualities [75]. Please update your config to [75, 90].
Read more: https://nextjs.org/docs/messages/next-image-unconfigured-qualities
[browser] Image with src "/media/landingPage/HandBot_landingPage.jpg" has "fill" but is missing "sizes" prop. Please add it to improve page performance. Read more: https://nextjs.org/docs/api-reference/next/image#sizes
[browser] Image with src "/media/landingPage/realtime_landingpage.jpg" has "fill" but is missing "sizes" prop. Please add it to improve page performance. Read more: https://nextjs.org/docs/api-reference/next/image#sizes
[browser] Image with src "/media/landingPage/profit_landingpage.jpg" has "fill" but is missing "sizes" prop. Please add it to improve page performance. Read more: https://nextjs.org/docs/api-reference/next/image#sizes
[browser] Image with src "/media/landingPage/gold_landingpage.jpg" has "fill" but is missing "sizes" prop. Please add it to improve page performance. Read more: https://nextjs.org/docs/api-reference/next/image#sizes
[browser] Your .splinecode file is more recent than the library. Please upgrade @splinetool/runtime to the latest version.
[browser] Image with src "/media/landingPage/realtime_landingpage.jpg" is using quality "90" which is not configured in images.qualities [75]. Please update your config to [75, 90].
Read more: https://nextjs.org/docs/messages/next-image-unconfigured-qualities
[browser] Image with src "/media/landingPage/gold_landingpage.jpg" is using quality "90" which is not configured in images.qualities [75]. Please update your config to [75, 90].
Read more: https://nextjs.org/docs/messages/next-image-unconfigured-qualities
[browser] Image with src "/media/landingPage/profit_landingpage.jpg" is using quality "90" which is not configured in images.qualities [75]. Please update your config to [75, 90].
Read more: https://nextjs.org/docs/messages/next-image-unconfigured-qualities
[browser] Image with src "/media/landingPage/HandBot_landingPage.jpg" is using quality "90" which is not configured in images.qualities [75]. Please update your config to [75, 90].
Read more: https://nextjs.org/docs/messages/next-image-unconfigured-qualities
[browser] Image with src "/media/landingPage/News_landingpage.jpg" is using quality "90" which is not configured in images.qualities [75]. Please update your config to [75, 90].
Read more: https://nextjs.org/docs/messages/next-image-unconfigured-qualities
[browser] Image with src "/media/landingPage/assets/crypto_assets.jpg" is using quality "90" which is not configured in images.qualities [75]. Please update your config to [75, 90].
Read more: https://nextjs.org/docs/messages/next-image-unconfigured-qualities
[browser] Image with src "/media/landingPage/assets/forex_asstes.jpg" is using quality "90" which is not configured in images.qualities [75]. Please update your config to [75, 90].
Read more: https://nextjs.org/docs/messages/next-image-unconfigured-qualities
[browser] Image with src "/media/landingPage/assets/stocks_assets.jpg" is using quality "90" which is not configured in images.qualities [75]. Please update your config to [75, 90].
Read more: https://nextjs.org/docs/messages/next-image-unconfigured-qualities
[browser] Image with src "/media/landingPage/assets/cash_assets.jpg" is using quality "90" which is not configured in images.qualities [75]. Please update your config to [75, 90].
Read more: https://nextjs.org/docs/messages/next-image-unconfigured-qualities
[browser] Image with src "/media/landingPage/assets/saving_assets.jpg" is using quality "90" which is not configured in images.qualities [75]. Please update your config to [75, 90].
Read more: https://nextjs.org/docs/messages/next-image-unconfigured-qualities
[browser] Image with src "/media/landingPage/assets/realestate_assets.jpg" is using quality "90" which is not configured in images.qualities [75]. Please update your config to [75, 90].
Read more: https://nextjs.org/docs/messages/next-image-unconfigured-qualities
[browser] Image with src "/media/landingPage/assets/alternative_assets.jpg" is using quality "90" which is not configured in images.qualities [75]. Please update your config to [75, 90].
Read more: https://nextjs.org/docs/messages/next-image-unconfigured-qualities
[browser] Image with src "/media/landingPage/assets/collectivles_assets.jpg" is using quality "90" which is not configured in images.qualities [75]. Please update your config to [75, 90].
Read more: https://nextjs.org/docs/messages/next-image-unconfigured-qualities
[browser] Image with src "/media/landingPage/HandBot_landingPage.jpg" has "fill" but is missing "sizes" prop. Please add it to improve page performance. Read more: https://nextjs.org/docs/api-reference/next/image#sizes
[browser] Image with src "/media/landingPage/realtime_landingpage.jpg" has "fill" but is missing "sizes" prop. Please add it to improve page performance. Read more: https://nextjs.org/docs/api-reference/next/image#sizes
[browser] Image with src "/media/landingPage/profit_landingpage.jpg" has "fill" but is missing "sizes" prop. Please add it to improve page performance. Read more: https://nextjs.org/docs/api-reference/next/image#sizes
[browser] Image with src "/media/landingPage/gold_landingpage.jpg" has "fill" but is missing "sizes" prop. Please add it to improve page performance. Read more: https://nextjs.org/docs/api-reference/next/image#sizes
[browser] Your .splinecode file is more recent than the library. Please upgrade @splinetool/runtime to the latest version.
[browser] Image with src "/media/landingPage/News_landingpage.jpg" has "fill" but is missing "sizes" prop. Please add it to improve page performance. Read more: https://nextjs.org/docs/api-reference/next/image#sizes
[browser] Image with src "/media/landingPage/assets/cash_assets.jpg" has "fill" but is missing "sizes" prop. Please add it to improve page performance. Read more: https://nextjs.org/docs/api-reference/next/image#sizes
[browser] Image with src "/media/landingPage/assets/stocks_assets.jpg" has "fill" but is missing "sizes" prop. Please add it to improve page performance. Read more: https://nextjs.org/docs/api-reference/next/image#sizes
[browser] Image with src "/media/landingPage/assets/forex_asstes.jpg" has "fill" but is missing "sizes" prop. Please add it to improve page performance. Read more: https://nextjs.org/docs/api-reference/next/image#sizes
[browser] Image with src "/media/landingPage/assets/crypto_assets.jpg" has "fill" but is missing "sizes" prop. Please add it to improve page performance. Read more: https://nextjs.org/docs/api-reference/next/image#sizes
 GET /login 200 in 138ms (next.js: 101ms, application-code: 37ms)
[browser] Your .splinecode file is more recent than the library. Please upgrade @splinetool/runtime to the latest version.
 GET / 200 in 63ms (next.js: 10ms, application-code: 53ms)
[browser] Image with src "/media/landingPage/realtime_landingpage.jpg" is using quality "90" which is not configured in images.qualities [75]. Please update your config to [75, 90].
Read more: https://nextjs.org/docs/messages/next-image-unconfigured-qualities
[browser] Image with src "/media/landingPage/gold_landingpage.jpg" is using quality "90" which is not configured in images.qualities [75]. Please update your config to [75, 90].
Read more: https://nextjs.org/docs/messages/next-image-unconfigured-qualities
[browser] Image with src "/media/landingPage/profit_landingpage.jpg" is using quality "90" which is not configured in images.qualities [75]. Please update your config to [75, 90].
Read more: https://nextjs.org/docs/messages/next-image-unconfigured-qualities
[browser] Image with src "/media/landingPage/HandBot_landingPage.jpg" is using quality "90" which is not configured in images.qualities [75]. Please update your config to [75, 90].
Read more: https://nextjs.org/docs/messages/next-image-unconfigured-qualities
[browser] Image with src "/media/landingPage/News_landingpage.jpg" is using quality "90" which is not configured in images.qualities [75]. Please update your config to [75, 90].
Read more: https://nextjs.org/docs/messages/next-image-unconfigured-qualities
[browser] Image with src "/media/landingPage/assets/crypto_assets.jpg" is using quality "90" which is not configured in images.qualities [75]. Please update your config to [75, 90].
Read more: https://nextjs.org/docs/messages/next-image-unconfigured-qualities
[browser] Image with src "/media/landingPage/assets/forex_asstes.jpg" is using quality "90" which is not configured in images.qualities [75]. Please update your config to [75, 90].
Read more: https://nextjs.org/docs/messages/next-image-unconfigured-qualities
[browser] Image with src "/media/landingPage/assets/stocks_assets.jpg" is using quality "90" which is not configured in images.qualities [75]. Please update your config to [75, 90].
Read more: https://nextjs.org/docs/messages/next-image-unconfigured-qualities
[browser] Image with src "/media/landingPage/assets/cash_assets.jpg" is using quality "90" which is not configured in images.qualities [75]. Please update your config to [75, 90].
Read more: https://nextjs.org/docs/messages/next-image-unconfigured-qualities
[browser] Image with src "/media/landingPage/assets/saving_assets.jpg" is using quality "90" which is not configured in images.qualities [75]. Please update your config to [75, 90].
Read more: https://nextjs.org/docs/messages/next-image-unconfigured-qualities
[browser] Image with src "/media/landingPage/assets/realestate_assets.jpg" is using quality "90" which is not configured in images.qualities [75]. Please update your config to [75, 90].
Read more: https://nextjs.org/docs/messages/next-image-unconfigured-qualities
[browser] Image with src "/media/landingPage/assets/alternative_assets.jpg" is using quality "90" which is not configured in images.qualities [75]. Please update your config to [75, 90].
Read more: https://nextjs.org/docs/messages/next-image-unconfigured-qualities
[browser] Image with src "/media/landingPage/assets/collectivles_assets.jpg" is using quality "90" which is not configured in images.qualities [75]. Please update your config to [75, 90].
Read more: https://nextjs.org/docs/messages/next-image-unconfigured-qualities
[browser] Your .splinecode file is more recent than the library. Please upgrade @splinetool/runtime to the latest version.
 GET / 200 in 61ms (next.js: 12ms, application-code: 50ms)
[browser] Image with src "/media/landingPage/realtime_landingpage.jpg" is using quality "90" which is not configured in images.qualities [75]. Please update your config to [75, 90].
Read more: https://nextjs.org/docs/messages/next-image-unconfigured-qualities
[browser] Image with src "/media/landingPage/gold_landingpage.jpg" is using quality "90" which is not configured in images.qualities [75]. Please update your config to [75, 90].
Read more: https://nextjs.org/docs/messages/next-image-unconfigured-qualities
[browser] Image with src "/media/landingPage/profit_landingpage.jpg" is using quality "90" which is not configured in images.qualities [75]. Please update your config to [75, 90].
Read more: https://nextjs.org/docs/messages/next-image-unconfigured-qualities
[browser] Image with src "/media/landingPage/HandBot_landingPage.jpg" is using quality "90" which is not configured in images.qualities [75]. Please update your config to [75, 90].
Read more: https://nextjs.org/docs/messages/next-image-unconfigured-qualities
[browser] Image with src "/media/landingPage/News_landingpage.jpg" is using quality "90" which is not configured in images.qualities [75]. Please update your config to [75, 90].
Read more: https://nextjs.org/docs/messages/next-image-unconfigured-qualities
[browser] Image with src "/media/landingPage/assets/crypto_assets.jpg" is using quality "90" which is not configured in images.qualities [75]. Please update your config to [75, 90].
Read more: https://nextjs.org/docs/messages/next-image-unconfigured-qualities
[browser] Image with src "/media/landingPage/assets/forex_asstes.jpg" is using quality "90" which is not configured in images.qualities [75]. Please update your config to [75, 90].
Read more: https://nextjs.org/docs/messages/next-image-unconfigured-qualities
[browser] Image with src "/media/landingPage/assets/stocks_assets.jpg" is using quality "90" which is not configured in images.qualities [75]. Please update your config to [75, 90].
Read more: https://nextjs.org/docs/messages/next-image-unconfigured-qualities
[browser] Image with src "/media/landingPage/assets/cash_assets.jpg" is using quality "90" which is not configured in images.qualities [75]. Please update your config to [75, 90].
Read more: https://nextjs.org/docs/messages/next-image-unconfigured-qualities
[browser] Image with src "/media/landingPage/assets/saving_assets.jpg" is using quality "90" which is not configured in images.qualities [75]. Please update your config to [75, 90].
Read more: https://nextjs.org/docs/messages/next-image-unconfigured-qualities
[browser] Image with src "/media/landingPage/assets/realestate_assets.jpg" is using quality "90" which is not configured in images.qualities [75]. Please update your config to [75, 90].
Read more: https://nextjs.org/docs/messages/next-image-unconfigured-qualities
[browser] Image with src "/media/landingPage/assets/alternative_assets.jpg" is using quality "90" which is not configured in images.qualities [75]. Please update your config to [75, 90].
Read more: https://nextjs.org/docs/messages/next-image-unconfigured-qualities
[browser] Image with src "/media/landingPage/assets/collectivles_assets.jpg" is using quality "90" which is not configured in images.qualities [75]. Please update your config to [75, 90].
Read more: https://nextjs.org/docs/messages/next-image-unconfigured-qualities
[browser] Your .splinecode file is more recent than the library. Please upgrade @splinetool/runtime to the latest version.
[browser] Image with src "/media/landingPage/realtime_landingpage.jpg" has "fill" but is missing "sizes" prop. Please add it to improve page performance. Read more: https://nextjs.org/docs/api-reference/next/image#sizes
[browser] Image with src "/media/landingPage/gold_landingpage.jpg" has "fill" but is missing "sizes" prop. Please add it to improve page performance. Read more: https://nextjs.org/docs/api-reference/next/image#sizes
[browser] Image with src "/media/landingPage/HandBot_landingPage.jpg" has "fill" but is missing "sizes" prop. Please add it to improve page performance. Read more: https://nextjs.org/docs/api-reference/next/image#sizes
[browser] Image with src "/media/landingPage/News_landingpage.jpg" has "fill" but is missing "sizes" prop. Please add it to improve page performance. Read more: https://nextjs.org/docs/api-reference/next/image#sizes
[browser] Image with src "/media/landingPage/profit_landingpage.jpg" has "fill" but is missing "sizes" prop. Please add it to improve page performance. Read more: https://nextjs.org/docs/api-reference/next/image#sizes
[browser] Image with src "/media/landingPage/assets/cash_assets.jpg" has "fill" but is missing "sizes" prop. Please add it to improve page performance. Read more: https://nextjs.org/docs/api-reference/next/image#sizes
[browser] Image with src "/media/landingPage/assets/stocks_assets.jpg" has "fill" but is missing "sizes" prop. Please add it to improve page performance. Read more: https://nextjs.org/docs/api-reference/next/image#sizes
[browser] Image with src "/media/landingPage/assets/forex_asstes.jpg" has "fill" but is missing "sizes" prop. Please add it to improve page performance. Read more: https://nextjs.org/docs/api-reference/next/image#sizes
[browser] Image with src "/media/landingPage/assets/crypto_assets.jpg" has "fill" but is missing "sizes" prop. Please add it to improve page performance. Read more: https://nextjs.org/docs/api-reference/next/image#sizes
 GET /login 200 in 40ms (next.js: 14ms, application-code: 27ms)
[browser] Your .splinecode file is more recent than the library. Please upgrade @splinetool/runtime to the latest version.
⨯ Error: [next-auth]: `useSession` must be wrapped in a <SessionProvider />
    at LoginPage (src/app/login/page.tsx:25:34)
  23 |     const [rememberMe, setRememberMe] = useState(false);
  24 |     const { t } = useLanguage();
> 25 |     const { status } = useSession();
     |                                  ^
  26 |     const router = useRouter();
  27 |
  28 |     useEffect(() => { {
  digest: '4239603378'
}
 GET /login 500 in 144ms (next.js: 16ms, application-code: 128ms)
[browser] Your .splinecode file is more recent than the library. Please upgrade @splinetool/runtime to the latest version.
[browser] Your .splinecode file is more recent than the library. Please upgrade @splinetool/runtime to the latest version.
 GET / 200 in 25ms (next.js: 8ms, application-code: 18ms)
[browser] Image with src "/media/landingPage/realtime_landingpage.jpg" is using quality "90" which is not configured in images.qualities [75]. Please update your config to [75, 90].
Read more: https://nextjs.org/docs/messages/next-image-unconfigured-qualities
[browser] Image with src "/media/landingPage/gold_landingpage.jpg" is using quality "90" which is not configured in images.qualities [75]. Please update your config to [75, 90].
Read more: https://nextjs.org/docs/messages/next-image-unconfigured-qualities
[browser] Image with src "/media/landingPage/profit_landingpage.jpg" is using quality "90" which is not configured in images.qualities [75]. Please update your config to [75, 90].
Read more: https://nextjs.org/docs/messages/next-image-unconfigured-qualities
[browser] Image with src "/media/landingPage/HandBot_landingPage.jpg" is using quality "90" which is not configured in images.qualities [75]. Please update your config to [75, 90].
Read more: https://nextjs.org/docs/messages/next-image-unconfigured-qualities
[browser] Image with src "/media/landingPage/News_landingpage.jpg" is using quality "90" which is not configured in images.qualities [75]. Please update your config to [75, 90].
Read more: https://nextjs.org/docs/messages/next-image-unconfigured-qualities
[browser] Image with src "/media/landingPage/assets/crypto_assets.jpg" is using quality "90" which is not configured in images.qualities [75]. Please update your config to [75, 90].
Read more: https://nextjs.org/docs/messages/next-image-unconfigured-qualities
[browser] Image with src "/media/landingPage/assets/forex_asstes.jpg" is using quality "90" which is not configured in images.qualities [75]. Please update your config to [75, 90].
Read more: https://nextjs.org/docs/messages/next-image-unconfigured-qualities
[browser] Image with src "/media/landingPage/assets/stocks_assets.jpg" is using quality "90" which is not configured in images.qualities [75]. Please update your config to [75, 90].
Read more: https://nextjs.org/docs/messages/next-image-unconfigured-qualities
[browser] Image with src "/media/landingPage/assets/cash_assets.jpg" is using quality "90" which is not configured in images.qualities [75]. Please update your config to [75, 90].
Read more: https://nextjs.org/docs/messages/next-image-unconfigured-qualities
[browser] Image with src "/media/landingPage/assets/saving_assets.jpg" is using quality "90" which is not configured in images.qualities [75]. Please update your config to [75, 90].
Read more: https://nextjs.org/docs/messages/next-image-unconfigured-qualities
[browser] Image with src "/media/landingPage/assets/realestate_assets.jpg" is using quality "90" which is not configured in images.qualities [75]. Please update your config to [75, 90].
Read more: https://nextjs.org/docs/messages/next-image-unconfigured-qualities
[browser] Image with src "/media/landingPage/assets/alternative_assets.jpg" is using quality "90" which is not configured in images.qualities [75]. Please update your config to [75, 90].
Read more: https://nextjs.org/docs/messages/next-image-unconfigured-qualities
[browser] Image with src "/media/landingPage/assets/collectivles_assets.jpg" is using quality "90" which is not configured in images.qualities [75]. Please update your config to [75, 90].
Read more: https://nextjs.org/docs/messages/next-image-unconfigured-qualities
[browser] Your .splinecode file is more recent than the library. Please upgrade @splinetool/runtime to the latest version.
 GET /login 200 in 26ms (next.js: 6ms, application-code: 20ms)
[browser] Your .splinecode file is more recent than the library. Please upgrade @splinetool/runtime to the latest version.
✓ Compiled in 576ms
