
  .   ____          _            __ _ _
 /\\ / ___'_ __ _ _(_)_ __  __ _ \ \ \ \
( ( )\___ | '_ | '_| | '_ \/ _` | \ \ \ \
 \\/  ___)| |_)| | | | | || (_| |  ) ) ) )
  '  |____| .__|_| |_|_| |_\__, | / / / /
 =========|_|==============|___/=/_/_/_/

 :: Spring Boot ::                (v4.0.6)

2026-04-27T21:49:37.745+07:00  INFO 86622 --- [yourfin-api] [           main] com.yourfin.api.YourfinApiApplication    : Starting YourfinApiApplication v0.0.1-SNAPSHOT using Java 21.0.9 with PID 86622 (/Users/vinhh/Documents/Wealth Project/wealth-portfolio/backend/target/api-0.0.1-SNAPSHOT.jar started by vinhh in /Users/vinhh/Documents/Wealth Project/wealth-portfolio/backend)
2026-04-27T21:49:37.746+07:00  INFO 86622 --- [yourfin-api] [           main] com.yourfin.api.YourfinApiApplication    : No active profile set, falling back to 1 default profile: "default"
2026-04-27T21:49:38.162+07:00  INFO 86622 --- [yourfin-api] [           main] .s.d.r.c.RepositoryConfigurationDelegate : Bootstrapping Spring Data JPA repositories in DEFAULT mode.
2026-04-27T21:49:38.247+07:00  INFO 86622 --- [yourfin-api] [           main] .s.d.r.c.RepositoryConfigurationDelegate : Finished Spring Data repository scanning in 81 ms. Found 3 JPA repository interfaces.
2026-04-27T21:49:38.525+07:00  INFO 86622 --- [yourfin-api] [           main] o.s.boot.tomcat.TomcatWebServer          : Tomcat initialized with port 8080 (http)
2026-04-27T21:49:38.534+07:00  INFO 86622 --- [yourfin-api] [           main] o.apache.catalina.core.StandardService   : Starting service [Tomcat]
2026-04-27T21:49:38.534+07:00  INFO 86622 --- [yourfin-api] [           main] o.apache.catalina.core.StandardEngine    : Starting Servlet engine: [Apache Tomcat/11.0.21]
2026-04-27T21:49:38.548+07:00  INFO 86622 --- [yourfin-api] [           main] b.w.c.s.WebApplicationContextInitializer : Root WebApplicationContext: initialization completed in 769 ms
2026-04-27T21:49:38.634+07:00  INFO 86622 --- [yourfin-api] [           main] org.hibernate.orm.jpa                    : HHH008540: Processing PersistenceUnitInfo [name: default]
2026-04-27T21:49:38.660+07:00  INFO 86622 --- [yourfin-api] [           main] org.hibernate.orm.core                   : HHH000001: Hibernate ORM core version 7.2.12.Final
2026-04-27T21:49:38.925+07:00  INFO 86622 --- [yourfin-api] [           main] o.s.o.j.p.SpringPersistenceUnitInfo      : No LoadTimeWeaver setup: ignoring JPA class transformer
2026-04-27T21:49:38.943+07:00  INFO 86622 --- [yourfin-api] [           main] com.zaxxer.hikari.HikariDataSource       : HikariPool-1 - Starting...
2026-04-27T21:49:39.994+07:00  WARN 86622 --- [yourfin-api] [           main] org.hibernate.orm.jdbc.error             : HHH000247: ErrorCode: 0, SQLState: 08001
2026-04-27T21:49:39.995+07:00  WARN 86622 --- [yourfin-api] [           main] org.hibernate.orm.jdbc.error             : Connection to localhost:5432 refused. Check that the hostname and port are correct and that the postmaster is accepting TCP/IP connections.
2026-04-27T21:49:39.996+07:00  WARN 86622 --- [yourfin-api] [           main] org.hibernate.orm.jdbc                   : HHH100046: Could not obtain connection to query JDBC database metadata

org.hibernate.exception.JDBCConnectionException: Unable to obtain isolated JDBC connection [Connection to localhost:5432 refused. Check that the hostname and port are correct and that the postmaster is accepting TCP/IP connections.] [n/a]
	at org.hibernate.exception.internal.SQLStateConversionDelegate.convert(SQLStateConversionDelegate.java:80) ~[hibernate-core-7.2.12.Final.jar!/:7.2.12.Final]
	at org.hibernate.exception.internal.StandardSQLExceptionConverter.convert(StandardSQLExceptionConverter.java:34) ~[hibernate-core-7.2.12.Final.jar!/:7.2.12.Final]
	at org.hibernate.engine.jdbc.spi.SqlExceptionHelper.convert(SqlExceptionHelper.java:115) ~[hibernate-core-7.2.12.Final.jar!/:7.2.12.Final]
	at org.hibernate.engine.jdbc.spi.SqlExceptionHelper.convert(SqlExceptionHelper.java:101) ~[hibernate-core-7.2.12.Final.jar!/:7.2.12.Final]
	at org.hibernate.resource.transaction.backend.jdbc.internal.JdbcIsolationDelegate.delegateWork(JdbcIsolationDelegate.java:51) ~[hibernate-core-7.2.12.Final.jar!/:7.2.12.Final]
	at org.hibernate.engine.jdbc.env.internal.JdbcEnvironmentInitiator.getJdbcEnvironmentUsingJdbcMetadata(JdbcEnvironmentInitiator.java:366) ~[hibernate-core-7.2.12.Final.jar!/:7.2.12.Final]
	at org.hibernate.engine.jdbc.env.internal.JdbcEnvironmentInitiator.getJdbcEnvironment(JdbcEnvironmentInitiator.java:143) ~[hibernate-core-7.2.12.Final.jar!/:7.2.12.Final]
	at org.hibernate.engine.jdbc.env.internal.JdbcEnvironmentInitiator.initiateService(JdbcEnvironmentInitiator.java:120) ~[hibernate-core-7.2.12.Final.jar!/:7.2.12.Final]
	at org.hibernate.engine.jdbc.env.internal.JdbcEnvironmentInitiator.initiateService(JdbcEnvironmentInitiator.java:80) ~[hibernate-core-7.2.12.Final.jar!/:7.2.12.Final]
	at org.hibernate.boot.registry.internal.StandardServiceRegistryImpl.initiateService(StandardServiceRegistryImpl.java:133) ~[hibernate-core-7.2.12.Final.jar!/:7.2.12.Final]
	at org.hibernate.service.internal.AbstractServiceRegistryImpl.createService(AbstractServiceRegistryImpl.java:260) ~[hibernate-core-7.2.12.Final.jar!/:7.2.12.Final]
	at org.hibernate.service.internal.AbstractServiceRegistryImpl.initializeService(AbstractServiceRegistryImpl.java:235) ~[hibernate-core-7.2.12.Final.jar!/:7.2.12.Final]
	at org.hibernate.service.internal.AbstractServiceRegistryImpl.getService(AbstractServiceRegistryImpl.java:212) ~[hibernate-core-7.2.12.Final.jar!/:7.2.12.Final]
	at org.hibernate.boot.model.relational.Database.<init>(Database.java:44) ~[hibernate-core-7.2.12.Final.jar!/:7.2.12.Final]
	at org.hibernate.boot.internal.InFlightMetadataCollectorImpl.getDatabase(InFlightMetadataCollectorImpl.java:251) ~[hibernate-core-7.2.12.Final.jar!/:7.2.12.Final]
	at org.hibernate.boot.internal.InFlightMetadataCollectorImpl.<init>(InFlightMetadataCollectorImpl.java:203) ~[hibernate-core-7.2.12.Final.jar!/:7.2.12.Final]
	at org.hibernate.boot.model.process.spi.MetadataBuildingProcess.complete(MetadataBuildingProcess.java:172) ~[hibernate-core-7.2.12.Final.jar!/:7.2.12.Final]
	at org.hibernate.jpa.boot.internal.EntityManagerFactoryBuilderImpl.metadata(EntityManagerFactoryBuilderImpl.java:1392) ~[hibernate-core-7.2.12.Final.jar!/:7.2.12.Final]
	at org.hibernate.jpa.boot.internal.EntityManagerFactoryBuilderImpl.populateSessionFactoryBuilder(EntityManagerFactoryBuilderImpl.java:1472) ~[hibernate-core-7.2.12.Final.jar!/:7.2.12.Final]
	at org.hibernate.jpa.boot.internal.EntityManagerFactoryBuilderImpl.build(EntityManagerFactoryBuilderImpl.java:1454) ~[hibernate-core-7.2.12.Final.jar!/:7.2.12.Final]
	at org.springframework.orm.jpa.vendor.SpringHibernateJpaPersistenceProvider.createContainerEntityManagerFactory(SpringHibernateJpaPersistenceProvider.java:93) ~[spring-orm-7.0.7.jar!/:7.0.7]
	at org.springframework.orm.jpa.LocalContainerEntityManagerFactoryBean.createNativeEntityManagerFactory(LocalContainerEntityManagerFactoryBean.java:443) ~[spring-orm-7.0.7.jar!/:7.0.7]
	at org.springframework.orm.jpa.AbstractEntityManagerFactoryBean.buildNativeEntityManagerFactory(AbstractEntityManagerFactoryBean.java:436) ~[spring-orm-7.0.7.jar!/:7.0.7]
	at org.springframework.orm.jpa.AbstractEntityManagerFactoryBean.afterPropertiesSet(AbstractEntityManagerFactoryBean.java:411) ~[spring-orm-7.0.7.jar!/:7.0.7]
	at org.springframework.orm.jpa.LocalContainerEntityManagerFactoryBean.afterPropertiesSet(LocalContainerEntityManagerFactoryBean.java:419) ~[spring-orm-7.0.7.jar!/:7.0.7]
	at org.springframework.beans.factory.support.AbstractAutowireCapableBeanFactory.invokeInitMethods(AbstractAutowireCapableBeanFactory.java:1864) ~[spring-beans-7.0.7.jar!/:7.0.7]
	at org.springframework.beans.factory.support.AbstractAutowireCapableBeanFactory.initializeBean(AbstractAutowireCapableBeanFactory.java:1813) ~[spring-beans-7.0.7.jar!/:7.0.7]
	at org.springframework.beans.factory.support.AbstractAutowireCapableBeanFactory.doCreateBean(AbstractAutowireCapableBeanFactory.java:603) ~[spring-beans-7.0.7.jar!/:7.0.7]
	at org.springframework.beans.factory.support.AbstractAutowireCapableBeanFactory.createBean(AbstractAutowireCapableBeanFactory.java:525) ~[spring-beans-7.0.7.jar!/:7.0.7]
	at org.springframework.beans.factory.support.AbstractBeanFactory.lambda$doGetBean$0(AbstractBeanFactory.java:333) ~[spring-beans-7.0.7.jar!/:7.0.7]
	at org.springframework.beans.factory.support.DefaultSingletonBeanRegistry.getSingleton(DefaultSingletonBeanRegistry.java:371) ~[spring-beans-7.0.7.jar!/:7.0.7]
	at org.springframework.beans.factory.support.AbstractBeanFactory.doGetBean(AbstractBeanFactory.java:331) ~[spring-beans-7.0.7.jar!/:7.0.7]
	at org.springframework.beans.factory.support.AbstractBeanFactory.getBean(AbstractBeanFactory.java:196) ~[spring-beans-7.0.7.jar!/:7.0.7]
	at org.springframework.beans.factory.support.BeanDefinitionValueResolver.resolveReference(BeanDefinitionValueResolver.java:365) ~[spring-beans-7.0.7.jar!/:7.0.7]
	at org.springframework.beans.factory.support.BeanDefinitionValueResolver.resolveValueIfNecessary(BeanDefinitionValueResolver.java:135) ~[spring-beans-7.0.7.jar!/:7.0.7]
	at org.springframework.beans.factory.support.ConstructorResolver.resolveConstructorArguments(ConstructorResolver.java:691) ~[spring-beans-7.0.7.jar!/:7.0.7]
	at org.springframework.beans.factory.support.ConstructorResolver.instantiateUsingFactoryMethod(ConstructorResolver.java:513) ~[spring-beans-7.0.7.jar!/:7.0.7]
	at org.springframework.beans.factory.support.AbstractAutowireCapableBeanFactory.instantiateUsingFactoryMethod(AbstractAutowireCapableBeanFactory.java:1362) ~[spring-beans-7.0.7.jar!/:7.0.7]
	at org.springframework.beans.factory.support.AbstractAutowireCapableBeanFactory.createBeanInstance(AbstractAutowireCapableBeanFactory.java:1194) ~[spring-beans-7.0.7.jar!/:7.0.7]
	at org.springframework.beans.factory.support.AbstractAutowireCapableBeanFactory.doCreateBean(AbstractAutowireCapableBeanFactory.java:565) ~[spring-beans-7.0.7.jar!/:7.0.7]
	at org.springframework.beans.factory.support.AbstractAutowireCapableBeanFactory.createBean(AbstractAutowireCapableBeanFactory.java:525) ~[spring-beans-7.0.7.jar!/:7.0.7]
	at org.springframework.beans.factory.support.AbstractBeanFactory.lambda$doGetBean$0(AbstractBeanFactory.java:333) ~[spring-beans-7.0.7.jar!/:7.0.7]
	at org.springframework.beans.factory.support.DefaultSingletonBeanRegistry.getSingleton(DefaultSingletonBeanRegistry.java:371) ~[spring-beans-7.0.7.jar!/:7.0.7]
	at org.springframework.beans.factory.support.AbstractBeanFactory.doGetBean(AbstractBeanFactory.java:331) ~[spring-beans-7.0.7.jar!/:7.0.7]
	at org.springframework.beans.factory.support.AbstractBeanFactory.getBean(AbstractBeanFactory.java:201) ~[spring-beans-7.0.7.jar!/:7.0.7]
	at org.springframework.beans.factory.support.BeanDefinitionValueResolver.resolveReference(BeanDefinitionValueResolver.java:356) ~[spring-beans-7.0.7.jar!/:7.0.7]
	at org.springframework.beans.factory.support.BeanDefinitionValueResolver.resolveValueIfNecessary(BeanDefinitionValueResolver.java:135) ~[spring-beans-7.0.7.jar!/:7.0.7]
	at org.springframework.beans.factory.support.AbstractAutowireCapableBeanFactory.applyPropertyValues(AbstractAutowireCapableBeanFactory.java:1712) ~[spring-beans-7.0.7.jar!/:7.0.7]
	at org.springframework.beans.factory.support.AbstractAutowireCapableBeanFactory.populateBean(AbstractAutowireCapableBeanFactory.java:1461) ~[spring-beans-7.0.7.jar!/:7.0.7]
	at org.springframework.beans.factory.support.AbstractAutowireCapableBeanFactory.doCreateBean(AbstractAutowireCapableBeanFactory.java:602) ~[spring-beans-7.0.7.jar!/:7.0.7]
	at org.springframework.beans.factory.support.AbstractAutowireCapableBeanFactory.createBean(AbstractAutowireCapableBeanFactory.java:525) ~[spring-beans-7.0.7.jar!/:7.0.7]
	at org.springframework.beans.factory.support.AbstractBeanFactory.lambda$doGetBean$0(AbstractBeanFactory.java:333) ~[spring-beans-7.0.7.jar!/:7.0.7]
	at org.springframework.beans.factory.support.DefaultSingletonBeanRegistry.getSingleton(DefaultSingletonBeanRegistry.java:371) ~[spring-beans-7.0.7.jar!/:7.0.7]
	at org.springframework.beans.factory.support.AbstractBeanFactory.doGetBean(AbstractBeanFactory.java:331) ~[spring-beans-7.0.7.jar!/:7.0.7]
	at org.springframework.beans.factory.support.AbstractBeanFactory.getBean(AbstractBeanFactory.java:201) ~[spring-beans-7.0.7.jar!/:7.0.7]
	at org.springframework.beans.factory.support.DefaultListableBeanFactory.resolveBean(DefaultListableBeanFactory.java:1225) ~[spring-beans-7.0.7.jar!/:7.0.7]
	at org.springframework.beans.factory.support.DefaultListableBeanFactory.doResolveDependency(DefaultListableBeanFactory.java:1704) ~[spring-beans-7.0.7.jar!/:7.0.7]
	at org.springframework.beans.factory.support.DefaultListableBeanFactory.resolveDependency(DefaultListableBeanFactory.java:1651) ~[spring-beans-7.0.7.jar!/:7.0.7]
	at org.springframework.beans.factory.support.ConstructorResolver.resolveAutowiredArgument(ConstructorResolver.java:912) ~[spring-beans-7.0.7.jar!/:7.0.7]
	at org.springframework.beans.factory.support.ConstructorResolver.createArgumentArray(ConstructorResolver.java:791) ~[spring-beans-7.0.7.jar!/:7.0.7]
	at org.springframework.beans.factory.support.ConstructorResolver.autowireConstructor(ConstructorResolver.java:240) ~[spring-beans-7.0.7.jar!/:7.0.7]
	at org.springframework.beans.factory.support.AbstractAutowireCapableBeanFactory.autowireConstructor(AbstractAutowireCapableBeanFactory.java:1382) ~[spring-beans-7.0.7.jar!/:7.0.7]
	at org.springframework.beans.factory.support.AbstractAutowireCapableBeanFactory.createBeanInstance(AbstractAutowireCapableBeanFactory.java:1221) ~[spring-beans-7.0.7.jar!/:7.0.7]
	at org.springframework.beans.factory.support.AbstractAutowireCapableBeanFactory.doCreateBean(AbstractAutowireCapableBeanFactory.java:565) ~[spring-beans-7.0.7.jar!/:7.0.7]
	at org.springframework.beans.factory.support.AbstractAutowireCapableBeanFactory.createBean(AbstractAutowireCapableBeanFactory.java:525) ~[spring-beans-7.0.7.jar!/:7.0.7]
	at org.springframework.beans.factory.support.AbstractBeanFactory.lambda$doGetBean$0(AbstractBeanFactory.java:333) ~[spring-beans-7.0.7.jar!/:7.0.7]
	at org.springframework.beans.factory.support.DefaultSingletonBeanRegistry.getSingleton(DefaultSingletonBeanRegistry.java:371) ~[spring-beans-7.0.7.jar!/:7.0.7]
	at org.springframework.beans.factory.support.AbstractBeanFactory.doGetBean(AbstractBeanFactory.java:331) ~[spring-beans-7.0.7.jar!/:7.0.7]
	at org.springframework.beans.factory.support.AbstractBeanFactory.getBean(AbstractBeanFactory.java:201) ~[spring-beans-7.0.7.jar!/:7.0.7]
	at org.springframework.boot.web.servlet.ServletContextInitializerBeans.getOrderedBeansOfType(ServletContextInitializerBeans.java:231) ~[spring-boot-4.0.6.jar!/:4.0.6]
	at org.springframework.boot.web.servlet.ServletContextInitializerBeans.addAsRegistrationBean(ServletContextInitializerBeans.java:185) ~[spring-boot-4.0.6.jar!/:4.0.6]
	at org.springframework.boot.web.servlet.ServletContextInitializerBeans.addAsRegistrationBean(ServletContextInitializerBeans.java:180) ~[spring-boot-4.0.6.jar!/:4.0.6]
	at org.springframework.boot.web.servlet.ServletContextInitializerBeans.addAdaptableBeans(ServletContextInitializerBeans.java:165) ~[spring-boot-4.0.6.jar!/:4.0.6]
	at org.springframework.boot.web.servlet.ServletContextInitializerBeans.<init>(ServletContextInitializerBeans.java:97) ~[spring-boot-4.0.6.jar!/:4.0.6]
	at org.springframework.boot.web.context.servlet.WebApplicationContextInitializer.initialize(WebApplicationContextInitializer.java:53) ~[spring-boot-4.0.6.jar!/:4.0.6]
	at org.springframework.boot.tomcat.servlet.DeferredServletContainerInitializers.onStartup(DeferredServletContainerInitializers.java:55) ~[spring-boot-tomcat-4.0.6.jar!/:4.0.6]
	at org.apache.catalina.core.StandardContext.startInternal(StandardContext.java:4416) ~[tomcat-embed-core-11.0.21.jar!/:na]
	at org.apache.catalina.util.LifecycleBase.start(LifecycleBase.java:164) ~[tomcat-embed-core-11.0.21.jar!/:na]
	at org.apache.catalina.core.ContainerBase$StartChild.call(ContainerBase.java:1162) ~[tomcat-embed-core-11.0.21.jar!/:na]
	at org.apache.catalina.core.ContainerBase$StartChild.call(ContainerBase.java:1158) ~[tomcat-embed-core-11.0.21.jar!/:na]
	at java.base/java.util.concurrent.FutureTask.run(FutureTask.java:317) ~[na:na]
	at org.apache.tomcat.util.threads.InlineExecutorService.execute(InlineExecutorService.java:81) ~[tomcat-embed-core-11.0.21.jar!/:na]
	at java.base/java.util.concurrent.AbstractExecutorService.submit(AbstractExecutorService.java:145) ~[na:na]
	at org.apache.catalina.core.ContainerBase.startInternal(ContainerBase.java:714) ~[tomcat-embed-core-11.0.21.jar!/:na]
	at org.apache.catalina.core.StandardHost.startInternal(StandardHost.java:780) ~[tomcat-embed-core-11.0.21.jar!/:na]
	at org.apache.catalina.util.LifecycleBase.start(LifecycleBase.java:164) ~[tomcat-embed-core-11.0.21.jar!/:na]
	at org.apache.catalina.core.ContainerBase$StartChild.call(ContainerBase.java:1162) ~[tomcat-embed-core-11.0.21.jar!/:na]
	at org.apache.catalina.core.ContainerBase$StartChild.call(ContainerBase.java:1158) ~[tomcat-embed-core-11.0.21.jar!/:na]
	at java.base/java.util.concurrent.FutureTask.run(FutureTask.java:317) ~[na:na]
	at org.apache.tomcat.util.threads.InlineExecutorService.execute(InlineExecutorService.java:81) ~[tomcat-embed-core-11.0.21.jar!/:na]
	at java.base/java.util.concurrent.AbstractExecutorService.submit(AbstractExecutorService.java:145) ~[na:na]
	at org.apache.catalina.core.ContainerBase.startInternal(ContainerBase.java:714) ~[tomcat-embed-core-11.0.21.jar!/:na]
	at org.apache.catalina.core.StandardEngine.startInternal(StandardEngine.java:201) ~[tomcat-embed-core-11.0.21.jar!/:na]
	at org.apache.catalina.util.LifecycleBase.start(LifecycleBase.java:164) ~[tomcat-embed-core-11.0.21.jar!/:na]
	at org.apache.catalina.core.StandardService.startInternal(StandardService.java:410) ~[tomcat-embed-core-11.0.21.jar!/:na]
	at org.apache.catalina.util.LifecycleBase.start(LifecycleBase.java:164) ~[tomcat-embed-core-11.0.21.jar!/:na]
	at org.apache.catalina.core.StandardServer.startInternal(StandardServer.java:864) ~[tomcat-embed-core-11.0.21.jar!/:na]
	at org.apache.catalina.util.LifecycleBase.start(LifecycleBase.java:164) ~[tomcat-embed-core-11.0.21.jar!/:na]
	at org.apache.catalina.startup.Tomcat.start(Tomcat.java:435) ~[tomcat-embed-core-11.0.21.jar!/:na]
	at org.springframework.boot.tomcat.TomcatWebServer.initialize(TomcatWebServer.java:131) ~[spring-boot-tomcat-4.0.6.jar!/:4.0.6]
	at org.springframework.boot.tomcat.TomcatWebServer.<init>(TomcatWebServer.java:110) ~[spring-boot-tomcat-4.0.6.jar!/:4.0.6]
	at org.springframework.boot.tomcat.servlet.TomcatServletWebServerFactory.getTomcatWebServer(TomcatServletWebServerFactory.java:408) ~[spring-boot-tomcat-4.0.6.jar!/:4.0.6]
	at org.springframework.boot.tomcat.servlet.TomcatServletWebServerFactory.getWebServer(TomcatServletWebServerFactory.java:166) ~[spring-boot-tomcat-4.0.6.jar!/:4.0.6]
	at org.springframework.boot.web.server.servlet.context.ServletWebServerApplicationContext.createWebServer(ServletWebServerApplicationContext.java:190) ~[spring-boot-web-server-4.0.6.jar!/:4.0.6]
	at org.springframework.boot.web.server.servlet.context.ServletWebServerApplicationContext.onRefresh(ServletWebServerApplicationContext.java:164) ~[spring-boot-web-server-4.0.6.jar!/:4.0.6]
	at org.springframework.context.support.AbstractApplicationContext.refresh(AbstractApplicationContext.java:615) ~[spring-context-7.0.7.jar!/:7.0.7]
	at org.springframework.boot.web.server.servlet.context.ServletWebServerApplicationContext.refresh(ServletWebServerApplicationContext.java:143) ~[spring-boot-web-server-4.0.6.jar!/:4.0.6]
	at org.springframework.boot.SpringApplication.refresh(SpringApplication.java:756) ~[spring-boot-4.0.6.jar!/:4.0.6]
	at org.springframework.boot.SpringApplication.refreshContext(SpringApplication.java:445) ~[spring-boot-4.0.6.jar!/:4.0.6]
	at org.springframework.boot.SpringApplication.run(SpringApplication.java:321) ~[spring-boot-4.0.6.jar!/:4.0.6]
	at org.springframework.boot.SpringApplication.run(SpringApplication.java:1365) ~[spring-boot-4.0.6.jar!/:4.0.6]
	at org.springframework.boot.SpringApplication.run(SpringApplication.java:1354) ~[spring-boot-4.0.6.jar!/:4.0.6]
	at com.yourfin.api.YourfinApiApplication.main(YourfinApiApplication.java:10) ~[!/:0.0.1-SNAPSHOT]
	at java.base/jdk.internal.reflect.DirectMethodHandleAccessor.invoke(DirectMethodHandleAccessor.java:103) ~[na:na]
	at java.base/java.lang.reflect.Method.invoke(Method.java:580) ~[na:na]
	at org.springframework.boot.loader.launch.Launcher.launch(Launcher.java:106) ~[api-0.0.1-SNAPSHOT.jar:0.0.1-SNAPSHOT]
	at org.springframework.boot.loader.launch.Launcher.launch(Launcher.java:64) ~[api-0.0.1-SNAPSHOT.jar:0.0.1-SNAPSHOT]
	at org.springframework.boot.loader.launch.JarLauncher.main(JarLauncher.java:40) ~[api-0.0.1-SNAPSHOT.jar:0.0.1-SNAPSHOT]
Caused by: org.postgresql.util.PSQLException: Connection to localhost:5432 refused. Check that the hostname and port are correct and that the postmaster is accepting TCP/IP connections.
	at org.postgresql.core.v3.ConnectionFactoryImpl.openConnectionImpl(ConnectionFactoryImpl.java:373) ~[postgresql-42.7.10.jar!/:42.7.10]
	at org.postgresql.core.ConnectionFactory.openConnection(ConnectionFactory.java:57) ~[postgresql-42.7.10.jar!/:42.7.10]
	at org.postgresql.jdbc.PgConnection.<init>(PgConnection.java:290) ~[postgresql-42.7.10.jar!/:42.7.10]
	at org.postgresql.Driver.makeConnection(Driver.java:448) ~[postgresql-42.7.10.jar!/:42.7.10]
	at org.postgresql.Driver.connect(Driver.java:298) ~[postgresql-42.7.10.jar!/:42.7.10]
	at com.zaxxer.hikari.util.DriverDataSource.getConnection(DriverDataSource.java:144) ~[HikariCP-7.0.2.jar!/:na]
	at com.zaxxer.hikari.pool.PoolBase.newConnection(PoolBase.java:373) ~[HikariCP-7.0.2.jar!/:na]
	at com.zaxxer.hikari.pool.PoolBase.newPoolEntry(PoolBase.java:210) ~[HikariCP-7.0.2.jar!/:na]
	at com.zaxxer.hikari.pool.HikariPool.createPoolEntry(HikariPool.java:488) ~[HikariCP-7.0.2.jar!/:na]
	at com.zaxxer.hikari.pool.HikariPool.checkFailFast(HikariPool.java:576) ~[HikariCP-7.0.2.jar!/:na]
	at com.zaxxer.hikari.pool.HikariPool.<init>(HikariPool.java:97) ~[HikariCP-7.0.2.jar!/:na]
	at com.zaxxer.hikari.HikariDataSource.getConnection(HikariDataSource.java:111) ~[HikariCP-7.0.2.jar!/:na]
	at org.hibernate.engine.jdbc.connections.internal.DataSourceConnectionProvider.getConnection(DataSourceConnectionProvider.java:137) ~[hibernate-core-7.2.12.Final.jar!/:7.2.12.Final]
	at org.hibernate.engine.jdbc.env.internal.JdbcEnvironmentInitiator$ConnectionProviderJdbcConnectionAccess.obtainConnection(JdbcEnvironmentInitiator.java:508) ~[hibernate-core-7.2.12.Final.jar!/:7.2.12.Final]
	at org.hibernate.resource.transaction.backend.jdbc.internal.JdbcIsolationDelegate.delegateWork(JdbcIsolationDelegate.java:48) ~[hibernate-core-7.2.12.Final.jar!/:7.2.12.Final]
	... 113 common frames omitted
Caused by: java.net.ConnectException: Connection refused
	at java.base/sun.nio.ch.Net.pollConnect(Native Method) ~[na:na]
	at java.base/sun.nio.ch.Net.pollConnectNow(Net.java:690) ~[na:na]
	at java.base/sun.nio.ch.NioSocketImpl.timedFinishConnect(NioSocketImpl.java:542) ~[na:na]
	at java.base/sun.nio.ch.NioSocketImpl.connect(NioSocketImpl.java:592) ~[na:na]
	at java.base/java.net.SocksSocketImpl.connect(SocksSocketImpl.java:327) ~[na:na]
	at java.base/java.net.Socket.connect(Socket.java:751) ~[na:na]
	at org.postgresql.core.PGStream.createSocket(PGStream.java:261) ~[postgresql-42.7.10.jar!/:42.7.10]
	at org.postgresql.core.PGStream.<init>(PGStream.java:122) ~[postgresql-42.7.10.jar!/:42.7.10]
	at org.postgresql.core.v3.ConnectionFactoryImpl.tryConnect(ConnectionFactoryImpl.java:146) ~[postgresql-42.7.10.jar!/:42.7.10]
	at org.postgresql.core.v3.ConnectionFactoryImpl.openConnectionImpl(ConnectionFactoryImpl.java:289) ~[postgresql-42.7.10.jar!/:42.7.10]
	... 127 common frames omitted

2026-04-27T21:49:40.017+07:00  WARN 86622 --- [yourfin-api] [           main] org.hibernate.orm.deprecation            : HHH90000025: PostgreSQLDialect does not need to be specified explicitly using 'hibernate.dialect' (remove the property setting and it will be selected by default)
2026-04-27T21:49:40.024+07:00  INFO 86622 --- [yourfin-api] [           main] org.hibernate.orm.connections.pooling    : HHH10001005: Database info:
	Database JDBC URL [undefined/unknown]
	Database driver: undefined/unknown
	Database dialect: PostgreSQLDialect
	Database version: 13.0
	Default catalog/schema: unknown/unknown
	Autocommit mode: undefined/unknown
	Isolation level: NONE [default NONE]
	JDBC fetch size: undefined/unknown
	Pool: DataSourceConnectionProvider
	Minimum pool size: undefined/unknown
	Maximum pool size: undefined/unknown
2026-04-27T21:49:40.619+07:00  INFO 86622 --- [yourfin-api] [           main] org.hibernate.orm.core                   : HHH000489: No JTA platform available (set 'hibernate.transaction.jta.platform' to enable JTA platform integration)
2026-04-27T21:49:40.623+07:00  INFO 86622 --- [yourfin-api] [           main] j.LocalContainerEntityManagerFactoryBean : Initialized JPA EntityManagerFactory for persistence unit 'default'
2026-04-27T21:49:40.658+07:00  INFO 86622 --- [yourfin-api] [           main] o.s.d.j.r.query.QueryEnhancerFactories   : Hibernate is in classpath; If applicable, HQL parser will be used.
2026-04-27T21:49:40.981+07:00  INFO 86622 --- [yourfin-api] [           main] c.y.api.controller.MarketController      : MarketController initialized
2026-04-27T21:49:41.057+07:00  WARN 86622 --- [yourfin-api] [           main] JpaBaseConfiguration$JpaWebConfiguration : spring.jpa.open-in-view is enabled by default. Therefore, database queries may be performed during view rendering. Explicitly configure spring.jpa.open-in-view to disable this warning
2026-04-27T21:49:41.205+07:00  INFO 86622 --- [yourfin-api] [           main] o.s.b.w.a.WelcomePageHandlerMapping      : Adding welcome page template: index
2026-04-27T21:49:41.394+07:00  INFO 86622 --- [yourfin-api] [           main] o.s.boot.tomcat.TomcatWebServer          : Tomcat started on port 8080 (http) with context path '/'
2026-04-27T21:49:41.415+07:00  INFO 86622 --- [yourfin-api] [           main] com.yourfin.api.YourfinApiApplication    : Started YourfinApiApplication in 3.861 seconds (process running for 4.223)
2026-04-27T21:49:43.232+07:00  INFO 86622 --- [yourfin-api] [nio-8080-exec-1] o.a.c.c.C.[Tomcat].[localhost].[/]       : Initializing Spring DispatcherServlet 'dispatcherServlet'
2026-04-27T21:49:43.232+07:00  INFO 86622 --- [yourfin-api] [nio-8080-exec-1] o.s.web.servlet.DispatcherServlet        : Initializing Servlet 'dispatcherServlet'
2026-04-27T21:49:43.233+07:00  INFO 86622 --- [yourfin-api] [nio-8080-exec-1] o.s.web.servlet.DispatcherServlet        : Completed initialization in 1 ms
2026-04-27T21:49:45.197+07:00  INFO 86622 --- [yourfin-api] [nio-8080-exec-2] c.y.api.controller.MarketController      : Received crypto price request for symbol: BTCUSDT
2026-04-27T21:49:45.197+07:00  INFO 86622 --- [yourfin-api] [nio-8080-exec-3] c.y.api.controller.MarketController      : Received crypto price request for symbol: ETHUSDT
2026-04-27T21:49:46.214+07:00 ERROR 86622 --- [yourfin-api] [nio-8080-exec-2] i.n.r.d.DnsServerAddressStreamProviders  : Unable to load io.netty.resolver.dns.macos.MacOSDnsServerAddressStreamProvider, fallback to system defaults. This may result in incorrect DNS resolutions on MacOS. Check whether you have a dependency on 'io.netty:netty-resolver-dns-native-macos'. Use DEBUG level to see the full stack: java.lang.UnsatisfiedLinkError: failed to load the required native library
2026-04-27T21:49:46.658+07:00  INFO 86622 --- [yourfin-api] [nio-8080-exec-2] c.y.api.controller.MarketController      : Successfully fetched crypto data for BTCUSDT: price=$78202.45
2026-04-27T21:49:46.658+07:00  INFO 86622 --- [yourfin-api] [nio-8080-exec-3] c.y.api.controller.MarketController      : Successfully fetched crypto data for ETHUSDT: price=$2326.91
2026-04-27T21:49:46.679+07:00  INFO 86622 --- [yourfin-api] [nio-8080-exec-4] c.y.api.controller.MarketController      : Received stock price request - symbols: null, gold: true, silver: false
2026-04-27T21:49:46.679+07:00  INFO 86622 --- [yourfin-api] [nio-8080-exec-4] c.y.api.controller.MarketController      : Fetching stock data for symbol: GC=F
2026-04-27T21:49:46.680+07:00  INFO 86622 --- [yourfin-api] [nio-8080-exec-5] c.y.api.controller.MarketController      : Received stock price request - symbols: null, gold: false, silver: true
2026-04-27T21:49:46.681+07:00  INFO 86622 --- [yourfin-api] [nio-8080-exec-5] c.y.api.controller.MarketController      : Fetching stock data for symbol: SI=F
2026-04-27T21:49:46.685+07:00  INFO 86622 --- [yourfin-api] [nio-8080-exec-6] c.y.api.controller.MarketController      : Received stock price request - symbols: CL=F, gold: false, silver: false
2026-04-27T21:49:46.685+07:00  INFO 86622 --- [yourfin-api] [nio-8080-exec-6] c.y.api.controller.MarketController      : Fetching stock data for symbol: CL=F
2026-04-27T21:49:46.901+07:00  INFO 86622 --- [yourfin-api] [nio-8080-exec-5] c.y.api.controller.MarketController      : Successfully fetched stock data for SI=F: price=$75.285
2026-04-27T21:49:46.901+07:00  INFO 86622 --- [yourfin-api] [nio-8080-exec-4] c.y.api.controller.MarketController      : Successfully fetched stock data for GC=F: price=$4707.2
2026-04-27T21:49:46.901+07:00  INFO 86622 --- [yourfin-api] [nio-8080-exec-6] c.y.api.controller.MarketController      : Successfully fetched stock data for CL=F: price=$96.15
2026-04-27T21:49:55.217+07:00  INFO 86622 --- [yourfin-api] [nio-8080-exec-8] c.y.api.controller.MarketController      : Received crypto price request for symbol: ETHUSDT
2026-04-27T21:49:55.217+07:00  INFO 86622 --- [yourfin-api] [nio-8080-exec-7] c.y.api.controller.MarketController      : Received crypto price request for symbol: BTCUSDT
2026-04-27T21:49:55.220+07:00  INFO 86622 --- [yourfin-api] [nio-8080-exec-8] c.y.api.controller.MarketController      : Successfully fetched crypto data for ETHUSDT: price=$2326.91
2026-04-27T21:49:55.220+07:00  INFO 86622 --- [yourfin-api] [nio-8080-exec-7] c.y.api.controller.MarketController      : Successfully fetched crypto data for BTCUSDT: price=$78202.45
2026-04-27T21:49:55.243+07:00  INFO 86622 --- [yourfin-api] [nio-8080-exec-9] c.y.api.controller.MarketController      : Received stock price request - symbols: null, gold: true, silver: false
2026-04-27T21:49:55.244+07:00  INFO 86622 --- [yourfin-api] [nio-8080-exec-9] c.y.api.controller.MarketController      : Fetching stock data for symbol: GC=F
2026-04-27T21:49:55.244+07:00  INFO 86622 --- [yourfin-api] [nio-8080-exec-9] c.y.api.controller.MarketController      : Successfully fetched stock data for GC=F: price=$4707.2
2026-04-27T21:49:55.249+07:00  INFO 86622 --- [yourfin-api] [io-8080-exec-10] c.y.api.controller.MarketController      : Received stock price request - symbols: null, gold: false, silver: true
2026-04-27T21:49:55.249+07:00  INFO 86622 --- [yourfin-api] [io-8080-exec-10] c.y.api.controller.MarketController      : Fetching stock data for symbol: SI=F
2026-04-27T21:49:55.250+07:00  INFO 86622 --- [yourfin-api] [io-8080-exec-10] c.y.api.controller.MarketController      : Successfully fetched stock data for SI=F: price=$75.285
2026-04-27T21:49:55.253+07:00  INFO 86622 --- [yourfin-api] [nio-8080-exec-1] c.y.api.controller.MarketController      : Received stock price request - symbols: CL=F, gold: false, silver: false
2026-04-27T21:49:55.253+07:00  INFO 86622 --- [yourfin-api] [nio-8080-exec-1] c.y.api.controller.MarketController      : Fetching stock data for symbol: CL=F
2026-04-27T21:49:55.253+07:00  INFO 86622 --- [yourfin-api] [nio-8080-exec-1] c.y.api.controller.MarketController      : Successfully fetched stock data for CL=F: price=$96.15
2026-04-27T21:50:05.301+07:00  INFO 86622 --- [yourfin-api] [nio-8080-exec-2] c.y.api.controller.MarketController      : Received crypto price request for symbol: BTCUSDT
2026-04-27T21:50:05.303+07:00  INFO 86622 --- [yourfin-api] [nio-8080-exec-3] c.y.api.controller.MarketController      : Received crypto price request for symbol: ETHUSDT
2026-04-27T21:50:05.408+07:00  INFO 86622 --- [yourfin-api] [nio-8080-exec-2] c.y.api.controller.MarketController      : Successfully fetched crypto data for BTCUSDT: price=$78212.05
2026-04-27T21:50:05.414+07:00  INFO 86622 --- [yourfin-api] [nio-8080-exec-3] c.y.api.controller.MarketController      : Successfully fetched crypto data for ETHUSDT: price=$2328.69
2026-04-27T21:50:05.425+07:00  INFO 86622 --- [yourfin-api] [nio-8080-exec-4] c.y.api.controller.MarketController      : Received stock price request - symbols: null, gold: true, silver: false
2026-04-27T21:50:05.426+07:00  INFO 86622 --- [yourfin-api] [nio-8080-exec-4] c.y.api.controller.MarketController      : Fetching stock data for symbol: GC=F
2026-04-27T21:50:05.429+07:00  INFO 86622 --- [yourfin-api] [nio-8080-exec-6] c.y.api.controller.MarketController      : Received stock price request - symbols: null, gold: false, silver: true
2026-04-27T21:50:05.429+07:00  INFO 86622 --- [yourfin-api] [nio-8080-exec-6] c.y.api.controller.MarketController      : Fetching stock data for symbol: SI=F
2026-04-27T21:50:05.433+07:00  INFO 86622 --- [yourfin-api] [nio-8080-exec-5] c.y.api.controller.MarketController      : Received stock price request - symbols: CL=F, gold: false, silver: false
2026-04-27T21:50:05.433+07:00  INFO 86622 --- [yourfin-api] [nio-8080-exec-5] c.y.api.controller.MarketController      : Fetching stock data for symbol: CL=F
2026-04-27T21:50:05.473+07:00  INFO 86622 --- [yourfin-api] [nio-8080-exec-5] c.y.api.controller.MarketController      : Successfully fetched stock data for CL=F: price=$96.16
2026-04-27T21:50:05.515+07:00  INFO 86622 --- [yourfin-api] [nio-8080-exec-4] c.y.api.controller.MarketController      : Successfully fetched stock data for GC=F: price=$4709.0
2026-04-27T21:50:05.516+07:00  INFO 86622 --- [yourfin-api] [nio-8080-exec-6] c.y.api.controller.MarketController      : Successfully fetched stock data for SI=F: price=$75.285
2026-04-27T21:50:15.404+07:00  INFO 86622 --- [yourfin-api] [nio-8080-exec-8] c.y.api.controller.MarketController      : Received crypto price request for symbol: BTCUSDT
2026-04-27T21:50:15.404+07:00  INFO 86622 --- [yourfin-api] [nio-8080-exec-7] c.y.api.controller.MarketController      : Received crypto price request for symbol: ETHUSDT
2026-04-27T21:50:15.405+07:00  INFO 86622 --- [yourfin-api] [nio-8080-exec-8] c.y.api.controller.MarketController      : Successfully fetched crypto data for BTCUSDT: price=$78212.05
2026-04-27T21:50:15.405+07:00  INFO 86622 --- [yourfin-api] [nio-8080-exec-7] c.y.api.controller.MarketController      : Successfully fetched crypto data for ETHUSDT: price=$2328.69
2026-04-27T21:50:15.428+07:00  INFO 86622 --- [yourfin-api] [nio-8080-exec-9] c.y.api.controller.MarketController      : Received stock price request - symbols: null, gold: true, silver: false
2026-04-27T21:50:15.428+07:00  INFO 86622 --- [yourfin-api] [nio-8080-exec-9] c.y.api.controller.MarketController      : Fetching stock data for symbol: GC=F
2026-04-27T21:50:15.428+07:00  INFO 86622 --- [yourfin-api] [nio-8080-exec-9] c.y.api.controller.MarketController      : Successfully fetched stock data for GC=F: price=$4709.0
2026-04-27T21:50:15.432+07:00  INFO 86622 --- [yourfin-api] [nio-8080-exec-9] c.y.api.controller.MarketController      : Received stock price request - symbols: null, gold: false, silver: true
2026-04-27T21:50:15.432+07:00  INFO 86622 --- [yourfin-api] [nio-8080-exec-9] c.y.api.controller.MarketController      : Fetching stock data for symbol: SI=F
2026-04-27T21:50:15.433+07:00  INFO 86622 --- [yourfin-api] [nio-8080-exec-9] c.y.api.controller.MarketController      : Successfully fetched stock data for SI=F: price=$75.285
2026-04-27T21:50:15.437+07:00  INFO 86622 --- [yourfin-api] [nio-8080-exec-1] c.y.api.controller.MarketController      : Received stock price request - symbols: CL=F, gold: false, silver: false
2026-04-27T21:50:15.437+07:00  INFO 86622 --- [yourfin-api] [nio-8080-exec-1] c.y.api.controller.MarketController      : Fetching stock data for symbol: CL=F
2026-04-27T21:50:15.437+07:00  INFO 86622 --- [yourfin-api] [nio-8080-exec-1] c.y.api.controller.MarketController      : Successfully fetched stock data for CL=F: price=$96.16
2026-04-27T21:50:25.510+07:00  INFO 86622 --- [yourfin-api] [nio-8080-exec-2] c.y.api.controller.MarketController      : Received crypto price request for symbol: BTCUSDT
2026-04-27T21:50:25.510+07:00  INFO 86622 --- [yourfin-api] [nio-8080-exec-3] c.y.api.controller.MarketController      : Received crypto price request for symbol: ETHUSDT
2026-04-27T21:50:25.630+07:00  INFO 86622 --- [yourfin-api] [nio-8080-exec-2] c.y.api.controller.MarketController      : Successfully fetched crypto data for BTCUSDT: price=$78208.65
2026-04-27T21:50:25.630+07:00  INFO 86622 --- [yourfin-api] [nio-8080-exec-3] c.y.api.controller.MarketController      : Successfully fetched crypto data for ETHUSDT: price=$2328.8
2026-04-27T21:50:25.663+07:00  INFO 86622 --- [yourfin-api] [nio-8080-exec-5] c.y.api.controller.MarketController      : Received stock price request - symbols: null, gold: true, silver: false
2026-04-27T21:50:25.663+07:00  INFO 86622 --- [yourfin-api] [nio-8080-exec-5] c.y.api.controller.MarketController      : Fetching stock data for symbol: GC=F
2026-04-27T21:50:25.664+07:00  INFO 86622 --- [yourfin-api] [nio-8080-exec-4] c.y.api.controller.MarketController      : Received stock price request - symbols: null, gold: false, silver: true
2026-04-27T21:50:25.664+07:00  INFO 86622 --- [yourfin-api] [nio-8080-exec-4] c.y.api.controller.MarketController      : Fetching stock data for symbol: SI=F
2026-04-27T21:50:25.669+07:00  INFO 86622 --- [yourfin-api] [nio-8080-exec-6] c.y.api.controller.MarketController      : Received stock price request - symbols: CL=F, gold: false, silver: false
2026-04-27T21:50:25.669+07:00  INFO 86622 --- [yourfin-api] [nio-8080-exec-6] c.y.api.controller.MarketController      : Fetching stock data for symbol: CL=F
2026-04-27T21:50:25.747+07:00  INFO 86622 --- [yourfin-api] [nio-8080-exec-5] c.y.api.controller.MarketController      : Successfully fetched stock data for GC=F: price=$4709.3
2026-04-27T21:50:25.753+07:00  INFO 86622 --- [yourfin-api] [nio-8080-exec-4] c.y.api.controller.MarketController      : Successfully fetched stock data for SI=F: price=$75.375
2026-04-27T21:50:25.753+07:00  INFO 86622 --- [yourfin-api] [nio-8080-exec-6] c.y.api.controller.MarketController      : Successfully fetched stock data for CL=F: price=$96.13
2026-04-27T21:50:35.603+07:00  INFO 86622 --- [yourfin-api] [io-8080-exec-10] c.y.api.controller.MarketController      : Received crypto price request for symbol: BTCUSDT
2026-04-27T21:50:35.605+07:00  INFO 86622 --- [yourfin-api] [io-8080-exec-10] c.y.api.controller.MarketController      : Successfully fetched crypto data for BTCUSDT: price=$78208.65
2026-04-27T21:50:35.613+07:00  INFO 86622 --- [yourfin-api] [nio-8080-exec-9] c.y.api.controller.MarketController      : Received crypto price request for symbol: ETHUSDT
2026-04-27T21:50:35.613+07:00  INFO 86622 --- [yourfin-api] [nio-8080-exec-9] c.y.api.controller.MarketController      : Successfully fetched crypto data for ETHUSDT: price=$2328.8
2026-04-27T21:50:35.626+07:00  INFO 86622 --- [yourfin-api] [nio-8080-exec-1] c.y.api.controller.MarketController      : Received stock price request - symbols: null, gold: true, silver: false
2026-04-27T21:50:35.627+07:00  INFO 86622 --- [yourfin-api] [nio-8080-exec-1] c.y.api.controller.MarketController      : Fetching stock data for symbol: GC=F
2026-04-27T21:50:35.627+07:00  INFO 86622 --- [yourfin-api] [nio-8080-exec-1] c.y.api.controller.MarketController      : Successfully fetched stock data for GC=F: price=$4709.3
2026-04-27T21:50:35.632+07:00  INFO 86622 --- [yourfin-api] [nio-8080-exec-2] c.y.api.controller.MarketController      : Received stock price request - symbols: null, gold: false, silver: true
2026-04-27T21:50:35.632+07:00  INFO 86622 --- [yourfin-api] [nio-8080-exec-2] c.y.api.controller.MarketController      : Fetching stock data for symbol: SI=F
2026-04-27T21:50:35.632+07:00  INFO 86622 --- [yourfin-api] [nio-8080-exec-2] c.y.api.controller.MarketController      : Successfully fetched stock data for SI=F: price=$75.375
2026-04-27T21:50:35.637+07:00  INFO 86622 --- [yourfin-api] [nio-8080-exec-3] c.y.api.controller.MarketController      : Received stock price request - symbols: CL=F, gold: false, silver: false
2026-04-27T21:50:35.637+07:00  INFO 86622 --- [yourfin-api] [nio-8080-exec-3] c.y.api.controller.MarketController      : Fetching stock data for symbol: CL=F
2026-04-27T21:50:35.637+07:00  INFO 86622 --- [yourfin-api] [nio-8080-exec-3] c.y.api.controller.MarketController      : Successfully fetched stock data for CL=F: price=$96.13
2026-04-27T21:50:45.700+07:00  INFO 86622 --- [yourfin-api] [nio-8080-exec-5] c.y.api.controller.MarketController      : Received crypto price request for symbol: BTCUSDT
2026-04-27T21:50:45.701+07:00  INFO 86622 --- [yourfin-api] [nio-8080-exec-6] c.y.api.controller.MarketController      : Received crypto price request for symbol: ETHUSDT
2026-04-27T21:50:45.807+07:00  INFO 86622 --- [yourfin-api] [nio-8080-exec-6] c.y.api.controller.MarketController      : Successfully fetched crypto data for ETHUSDT: price=$2327.11
2026-04-27T21:50:45.808+07:00  INFO 86622 --- [yourfin-api] [nio-8080-exec-5] c.y.api.controller.MarketController      : Successfully fetched crypto data for BTCUSDT: price=$78167.49
2026-04-27T21:50:45.823+07:00  INFO 86622 --- [yourfin-api] [nio-8080-exec-4] c.y.api.controller.MarketController      : Received stock price request - symbols: null, gold: true, silver: false
2026-04-27T21:50:45.823+07:00  INFO 86622 --- [yourfin-api] [nio-8080-exec-4] c.y.api.controller.MarketController      : Fetching stock data for symbol: GC=F
2026-04-27T21:50:45.829+07:00  INFO 86622 --- [yourfin-api] [nio-8080-exec-8] c.y.api.controller.MarketController      : Received stock price request - symbols: null, gold: false, silver: true
2026-04-27T21:50:45.829+07:00  INFO 86622 --- [yourfin-api] [nio-8080-exec-8] c.y.api.controller.MarketController      : Fetching stock data for symbol: SI=F
2026-04-27T21:50:45.834+07:00  INFO 86622 --- [yourfin-api] [nio-8080-exec-7] c.y.api.controller.MarketController      : Received stock price request - symbols: CL=F, gold: false, silver: false
2026-04-27T21:50:45.834+07:00  INFO 86622 --- [yourfin-api] [nio-8080-exec-7] c.y.api.controller.MarketController      : Fetching stock data for symbol: CL=F
2026-04-27T21:50:45.905+07:00  INFO 86622 --- [yourfin-api] [nio-8080-exec-4] c.y.api.controller.MarketController      : Successfully fetched stock data for GC=F: price=$4707.8
2026-04-27T21:50:45.914+07:00  INFO 86622 --- [yourfin-api] [nio-8080-exec-7] c.y.api.controller.MarketController      : Successfully fetched stock data for CL=F: price=$96.18
2026-04-27T21:50:45.921+07:00  INFO 86622 --- [yourfin-api] [nio-8080-exec-8] c.y.api.controller.MarketController      : Successfully fetched stock data for SI=F: price=$75.375
2026-04-27T21:51:02.212+07:00  INFO 86622 --- [yourfin-api] [nio-8080-exec-1] c.y.api.controller.MarketController      : Received crypto price request for symbol: BTCUSDT
2026-04-27T21:51:02.213+07:00  INFO 86622 --- [yourfin-api] [nio-8080-exec-2] c.y.api.controller.MarketController      : Received crypto price request for symbol: ETHUSDT
2026-04-27T21:51:02.317+07:00  INFO 86622 --- [yourfin-api] [nio-8080-exec-2] c.y.api.controller.MarketController      : Successfully fetched crypto data for ETHUSDT: price=$2326.83
2026-04-27T21:51:02.323+07:00  INFO 86622 --- [yourfin-api] [nio-8080-exec-1] c.y.api.controller.MarketController      : Successfully fetched crypto data for BTCUSDT: price=$78150.0
2026-04-27T21:51:02.333+07:00  INFO 86622 --- [yourfin-api] [nio-8080-exec-3] c.y.api.controller.MarketController      : Received stock price request - symbols: null, gold: true, silver: false
2026-04-27T21:51:02.333+07:00  INFO 86622 --- [yourfin-api] [nio-8080-exec-3] c.y.api.controller.MarketController      : Fetching stock data for symbol: GC=F
2026-04-27T21:51:02.334+07:00  INFO 86622 --- [yourfin-api] [nio-8080-exec-6] c.y.api.controller.MarketController      : Received stock price request - symbols: null, gold: false, silver: true
2026-04-27T21:51:02.334+07:00  INFO 86622 --- [yourfin-api] [nio-8080-exec-6] c.y.api.controller.MarketController      : Fetching stock data for symbol: SI=F
2026-04-27T21:51:02.335+07:00  INFO 86622 --- [yourfin-api] [nio-8080-exec-5] c.y.api.controller.MarketController      : Received stock price request - symbols: CL=F, gold: false, silver: false
2026-04-27T21:51:02.335+07:00  INFO 86622 --- [yourfin-api] [nio-8080-exec-5] c.y.api.controller.MarketController      : Fetching stock data for symbol: CL=F
2026-04-27T21:51:02.373+07:00  INFO 86622 --- [yourfin-api] [nio-8080-exec-3] c.y.api.controller.MarketController      : Successfully fetched stock data for GC=F: price=$4708.1
2026-04-27T21:51:02.412+07:00  INFO 86622 --- [yourfin-api] [nio-8080-exec-6] c.y.api.controller.MarketController      : Successfully fetched stock data for SI=F: price=$75.305
2026-04-27T21:51:02.433+07:00  INFO 86622 --- [yourfin-api] [nio-8080-exec-5] c.y.api.controller.MarketController      : Successfully fetched stock data for CL=F: price=$96.29
2026-04-27T21:51:12.321+07:00  INFO 86622 --- [yourfin-api] [nio-8080-exec-4] c.y.api.controller.MarketController      : Received crypto price request for symbol: BTCUSDT
2026-04-27T21:51:12.322+07:00  INFO 86622 --- [yourfin-api] [nio-8080-exec-7] c.y.api.controller.MarketController      : Received crypto price request for symbol: ETHUSDT
2026-04-27T21:51:12.323+07:00  INFO 86622 --- [yourfin-api] [nio-8080-exec-4] c.y.api.controller.MarketController      : Successfully fetched crypto data for BTCUSDT: price=$78150.0
2026-04-27T21:51:12.323+07:00  INFO 86622 --- [yourfin-api] [nio-8080-exec-7] c.y.api.controller.MarketController      : Successfully fetched crypto data for ETHUSDT: price=$2326.83
2026-04-27T21:51:12.343+07:00  INFO 86622 --- [yourfin-api] [nio-8080-exec-8] c.y.api.controller.MarketController      : Received stock price request - symbols: null, gold: true, silver: false
2026-04-27T21:51:12.343+07:00  INFO 86622 --- [yourfin-api] [nio-8080-exec-8] c.y.api.controller.MarketController      : Fetching stock data for symbol: GC=F
2026-04-27T21:51:12.344+07:00  INFO 86622 --- [yourfin-api] [nio-8080-exec-8] c.y.api.controller.MarketController      : Successfully fetched stock data for GC=F: price=$4708.1
2026-04-27T21:51:12.345+07:00  INFO 86622 --- [yourfin-api] [io-8080-exec-10] c.y.api.controller.MarketController      : Received stock price request - symbols: null, gold: false, silver: true
2026-04-27T21:51:12.345+07:00  INFO 86622 --- [yourfin-api] [io-8080-exec-10] c.y.api.controller.MarketController      : Fetching stock data for symbol: SI=F
2026-04-27T21:51:12.345+07:00  INFO 86622 --- [yourfin-api] [io-8080-exec-10] c.y.api.controller.MarketController      : Successfully fetched stock data for SI=F: price=$75.305
2026-04-27T21:51:12.350+07:00  INFO 86622 --- [yourfin-api] [nio-8080-exec-9] c.y.api.controller.MarketController      : Received stock price request - symbols: CL=F, gold: false, silver: false
2026-04-27T21:51:12.350+07:00  INFO 86622 --- [yourfin-api] [nio-8080-exec-9] c.y.api.controller.MarketController      : Fetching stock data for symbol: CL=F
2026-04-27T21:51:12.351+07:00  INFO 86622 --- [yourfin-api] [nio-8080-exec-9] c.y.api.controller.MarketController      : Successfully fetched stock data for CL=F: price=$96.29
2026-04-27T21:51:24.474+07:00  INFO 86622 --- [yourfin-api] [nio-8080-exec-2] c.y.api.controller.MarketController      : Received crypto price request for symbol: BTCUSDT
2026-04-27T21:51:24.474+07:00  INFO 86622 --- [yourfin-api] [nio-8080-exec-1] c.y.api.controller.MarketController      : Received crypto price request for symbol: ETHUSDT
2026-04-27T21:51:24.588+07:00  INFO 86622 --- [yourfin-api] [nio-8080-exec-1] c.y.api.controller.MarketController      : Successfully fetched crypto data for ETHUSDT: price=$2326.24
2026-04-27T21:51:24.588+07:00  INFO 86622 --- [yourfin-api] [nio-8080-exec-2] c.y.api.controller.MarketController      : Successfully fetched crypto data for BTCUSDT: price=$78133.92
2026-04-27T21:51:24.620+07:00  INFO 86622 --- [yourfin-api] [nio-8080-exec-3] c.y.api.controller.MarketController      : Received stock price request - symbols: null, gold: true, silver: false
2026-04-27T21:51:24.620+07:00  INFO 86622 --- [yourfin-api] [nio-8080-exec-3] c.y.api.controller.MarketController      : Fetching stock data for symbol: GC=F
2026-04-27T21:51:24.622+07:00  INFO 86622 --- [yourfin-api] [nio-8080-exec-6] c.y.api.controller.MarketController      : Received stock price request - symbols: null, gold: false, silver: true
2026-04-27T21:51:24.622+07:00  INFO 86622 --- [yourfin-api] [nio-8080-exec-6] c.y.api.controller.MarketController      : Fetching stock data for symbol: SI=F
2026-04-27T21:51:24.625+07:00  INFO 86622 --- [yourfin-api] [nio-8080-exec-5] c.y.api.controller.MarketController      : Received stock price request - symbols: CL=F, gold: false, silver: false
2026-04-27T21:51:24.625+07:00  INFO 86622 --- [yourfin-api] [nio-8080-exec-5] c.y.api.controller.MarketController      : Fetching stock data for symbol: CL=F
2026-04-27T21:51:24.709+07:00  INFO 86622 --- [yourfin-api] [nio-8080-exec-3] c.y.api.controller.MarketController      : Successfully fetched stock data for GC=F: price=$4706.9
2026-04-27T21:51:24.709+07:00  INFO 86622 --- [yourfin-api] [nio-8080-exec-6] c.y.api.controller.MarketController      : Successfully fetched stock data for SI=F: price=$75.26
2026-04-27T21:51:24.715+07:00  INFO 86622 --- [yourfin-api] [nio-8080-exec-5] c.y.api.controller.MarketController      : Successfully fetched stock data for CL=F: price=$96.29
2026-04-27T21:51:40.276+07:00  INFO 86622 --- [yourfin-api] [nio-8080-exec-4] c.y.api.controller.MarketController      : Received crypto price request for symbol: BTCUSDT
2026-04-27T21:51:40.277+07:00  INFO 86622 --- [yourfin-api] [nio-8080-exec-8] c.y.api.controller.MarketController      : Received crypto price request for symbol: ETHUSDT
2026-04-27T21:51:40.433+07:00  INFO 86622 --- [yourfin-api] [nio-8080-exec-4] c.y.api.controller.MarketController      : Successfully fetched crypto data for BTCUSDT: price=$78162.55
2026-04-27T21:51:40.433+07:00  INFO 86622 --- [yourfin-api] [nio-8080-exec-8] c.y.api.controller.MarketController      : Successfully fetched crypto data for ETHUSDT: price=$2327.46
2026-04-27T21:51:40.459+07:00  INFO 86622 --- [yourfin-api] [io-8080-exec-10] c.y.api.controller.MarketController      : Received stock price request - symbols: null, gold: true, silver: false
2026-04-27T21:51:40.460+07:00  INFO 86622 --- [yourfin-api] [io-8080-exec-10] c.y.api.controller.MarketController      : Fetching stock data for symbol: GC=F
2026-04-27T21:51:40.461+07:00  INFO 86622 --- [yourfin-api] [nio-8080-exec-9] c.y.api.controller.MarketController      : Received stock price request - symbols: null, gold: false, silver: true
2026-04-27T21:51:40.461+07:00  INFO 86622 --- [yourfin-api] [nio-8080-exec-9] c.y.api.controller.MarketController      : Fetching stock data for symbol: SI=F
2026-04-27T21:51:40.467+07:00  INFO 86622 --- [yourfin-api] [nio-8080-exec-1] c.y.api.controller.MarketController      : Received stock price request - symbols: CL=F, gold: false, silver: false
2026-04-27T21:51:40.467+07:00  INFO 86622 --- [yourfin-api] [nio-8080-exec-1] c.y.api.controller.MarketController      : Fetching stock data for symbol: CL=F
2026-04-27T21:51:40.543+07:00  INFO 86622 --- [yourfin-api] [io-8080-exec-10] c.y.api.controller.MarketController      : Successfully fetched stock data for GC=F: price=$4705.9
2026-04-27T21:51:40.545+07:00  INFO 86622 --- [yourfin-api] [nio-8080-exec-9] c.y.api.controller.MarketController      : Successfully fetched stock data for SI=F: price=$75.19
2026-04-27T21:51:40.557+07:00  INFO 86622 --- [yourfin-api] [nio-8080-exec-1] c.y.api.controller.MarketController      : Successfully fetched stock data for CL=F: price=$96.39
2026-04-27T21:52:10.336+07:00  INFO 86622 --- [yourfin-api] [nio-8080-exec-6] c.y.api.controller.MarketController      : Received crypto price request for symbol: ETHUSDT
2026-04-27T21:52:10.336+07:00  INFO 86622 --- [yourfin-api] [nio-8080-exec-2] c.y.api.controller.MarketController      : Received crypto price request for symbol: BTCUSDT
2026-04-27T21:52:10.450+07:00  INFO 86622 --- [yourfin-api] [nio-8080-exec-6] c.y.api.controller.MarketController      : Successfully fetched crypto data for ETHUSDT: price=$2324.13
2026-04-27T21:52:10.450+07:00  INFO 86622 --- [yourfin-api] [nio-8080-exec-2] c.y.api.controller.MarketController      : Successfully fetched crypto data for BTCUSDT: price=$78103.9
2026-04-27T21:52:10.478+07:00  INFO 86622 --- [yourfin-api] [nio-8080-exec-3] c.y.api.controller.MarketController      : Received stock price request - symbols: null, gold: true, silver: false
2026-04-27T21:52:10.478+07:00  INFO 86622 --- [yourfin-api] [nio-8080-exec-3] c.y.api.controller.MarketController      : Fetching stock data for symbol: GC=F
2026-04-27T21:52:10.481+07:00  INFO 86622 --- [yourfin-api] [nio-8080-exec-5] c.y.api.controller.MarketController      : Received stock price request - symbols: null, gold: false, silver: true
2026-04-27T21:52:10.481+07:00  INFO 86622 --- [yourfin-api] [nio-8080-exec-5] c.y.api.controller.MarketController      : Fetching stock data for symbol: SI=F
2026-04-27T21:52:10.483+07:00  INFO 86622 --- [yourfin-api] [nio-8080-exec-7] c.y.api.controller.MarketController      : Received stock price request - symbols: CL=F, gold: false, silver: false
2026-04-27T21:52:10.483+07:00  INFO 86622 --- [yourfin-api] [nio-8080-exec-7] c.y.api.controller.MarketController      : Fetching stock data for symbol: CL=F
2026-04-27T21:52:10.566+07:00  INFO 86622 --- [yourfin-api] [nio-8080-exec-5] c.y.api.controller.MarketController      : Successfully fetched stock data for SI=F: price=$75.195
2026-04-27T21:52:10.578+07:00  INFO 86622 --- [yourfin-api] [nio-8080-exec-3] c.y.api.controller.MarketController      : Successfully fetched stock data for GC=F: price=$4706.2
2026-04-27T21:52:10.578+07:00  INFO 86622 --- [yourfin-api] [nio-8080-exec-7] c.y.api.controller.MarketController      : Successfully fetched stock data for CL=F: price=$96.37
2026-04-27T21:52:45.000+07:00  INFO 86622 --- [yourfin-api] [nio-8080-exec-4] c.y.api.controller.MarketController      : Received crypto price request for symbol: BTCUSDT
2026-04-27T21:52:45.001+07:00  INFO 86622 --- [yourfin-api] [nio-8080-exec-8] c.y.api.controller.MarketController      : Received crypto price request for symbol: ETHUSDT
2026-04-27T21:52:45.109+07:00  INFO 86622 --- [yourfin-api] [nio-8080-exec-8] c.y.api.controller.MarketController      : Successfully fetched crypto data for ETHUSDT: price=$2322.18
2026-04-27T21:52:45.110+07:00  INFO 86622 --- [yourfin-api] [nio-8080-exec-4] c.y.api.controller.MarketController      : Successfully fetched crypto data for BTCUSDT: price=$78049.66
2026-04-27T21:52:45.130+07:00  INFO 86622 --- [yourfin-api] [io-8080-exec-10] c.y.api.controller.MarketController      : Received stock price request - symbols: null, gold: true, silver: false
2026-04-27T21:52:45.130+07:00  INFO 86622 --- [yourfin-api] [io-8080-exec-10] c.y.api.controller.MarketController      : Fetching stock data for symbol: GC=F
2026-04-27T21:52:45.133+07:00  INFO 86622 --- [yourfin-api] [nio-8080-exec-9] c.y.api.controller.MarketController      : Received stock price request - symbols: null, gold: false, silver: true
2026-04-27T21:52:45.133+07:00  INFO 86622 --- [yourfin-api] [nio-8080-exec-9] c.y.api.controller.MarketController      : Fetching stock data for symbol: SI=F
2026-04-27T21:52:45.139+07:00  INFO 86622 --- [yourfin-api] [nio-8080-exec-1] c.y.api.controller.MarketController      : Received stock price request - symbols: CL=F, gold: false, silver: false
2026-04-27T21:52:45.139+07:00  INFO 86622 --- [yourfin-api] [nio-8080-exec-1] c.y.api.controller.MarketController      : Fetching stock data for symbol: CL=F
2026-04-27T21:52:45.211+07:00  INFO 86622 --- [yourfin-api] [nio-8080-exec-9] c.y.api.controller.MarketController      : Successfully fetched stock data for SI=F: price=$75.195
2026-04-27T21:52:45.214+07:00  INFO 86622 --- [yourfin-api] [io-8080-exec-10] c.y.api.controller.MarketController      : Successfully fetched stock data for GC=F: price=$4706.7
2026-04-27T21:52:45.235+07:00  INFO 86622 --- [yourfin-api] [nio-8080-exec-1] c.y.api.controller.MarketController      : Successfully fetched stock data for CL=F: price=$96.4
2026-04-27T21:52:56.669+07:00  INFO 86622 --- [yourfin-api] [nio-8080-exec-6] c.y.api.controller.MarketController      : Received crypto price request for symbol: ETHUSDT
2026-04-27T21:52:56.669+07:00  INFO 86622 --- [yourfin-api] [nio-8080-exec-2] c.y.api.controller.MarketController      : Received crypto price request for symbol: BTCUSDT
2026-04-27T21:52:56.670+07:00  INFO 86622 --- [yourfin-api] [nio-8080-exec-2] c.y.api.controller.MarketController      : Successfully fetched crypto data for BTCUSDT: price=$78049.66
2026-04-27T21:52:56.670+07:00  INFO 86622 --- [yourfin-api] [nio-8080-exec-6] c.y.api.controller.MarketController      : Successfully fetched crypto data for ETHUSDT: price=$2322.18
2026-04-27T21:52:56.736+07:00  INFO 86622 --- [yourfin-api] [nio-8080-exec-5] c.y.api.controller.MarketController      : Received stock price request - symbols: null, gold: true, silver: false
2026-04-27T21:52:56.736+07:00  INFO 86622 --- [yourfin-api] [nio-8080-exec-5] c.y.api.controller.MarketController      : Fetching stock data for symbol: GC=F
2026-04-27T21:52:56.736+07:00  INFO 86622 --- [yourfin-api] [nio-8080-exec-7] c.y.api.controller.MarketController      : Received stock price request - symbols: null, gold: false, silver: true
2026-04-27T21:52:56.736+07:00  INFO 86622 --- [yourfin-api] [nio-8080-exec-7] c.y.api.controller.MarketController      : Fetching stock data for symbol: SI=F
2026-04-27T21:52:56.737+07:00  INFO 86622 --- [yourfin-api] [nio-8080-exec-5] c.y.api.controller.MarketController      : Successfully fetched stock data for GC=F: price=$4706.7
2026-04-27T21:52:56.737+07:00  INFO 86622 --- [yourfin-api] [nio-8080-exec-7] c.y.api.controller.MarketController      : Successfully fetched stock data for SI=F: price=$75.195
2026-04-27T21:52:56.737+07:00  INFO 86622 --- [yourfin-api] [nio-8080-exec-3] c.y.api.controller.MarketController      : Received stock price request - symbols: CL=F, gold: false, silver: false
2026-04-27T21:52:56.737+07:00  INFO 86622 --- [yourfin-api] [nio-8080-exec-3] c.y.api.controller.MarketController      : Fetching stock data for symbol: CL=F
2026-04-27T21:52:56.737+07:00  INFO 86622 --- [yourfin-api] [nio-8080-exec-3] c.y.api.controller.MarketController      : Successfully fetched stock data for CL=F: price=$96.4
